{"/Users/jingruxu/Desktop/untitled folder/js-testings/js/02-async/async.js": {"path":"/Users/jingruxu/Desktop/untitled folder/js-testings/js/02-async/async.js","statementMap":{"0":{"start":{"line":1,"column":14},"end":{"line":1,"column":30}},"1":{"start":{"line":3,"column":18},"end":{"line":9,"column":1}},"2":{"start":{"line":4,"column":18},"end":{"line":6,"column":3}},"3":{"start":{"line":8,"column":2},"end":{"line":8,"column":22}},"4":{"start":{"line":10,"column":0},"end":{"line":10,"column":27}}},"fnMap":{"0":{"name":"(anonymous_0)","decl":{"start":{"line":3,"column":18},"end":{"line":3,"column":19}},"loc":{"start":{"line":3,"column":32},"end":{"line":9,"column":1}},"line":3}},"branchMap":{},"s":{"0":1,"1":1,"2":1,"3":1,"4":1},"f":{"0":1},"b":{},"_coverageSchema":"1a1c01bbd47fc00a2c39e90264f33305004495a9","hash":"b783aa2fa0a294549f89e6e76c2fa8ca52bcf81e"}
}
